2020-07-03 10:26:03,897 Starting BLE Tag mode parameter updates
2020-07-03 10:26:03,898 
2020-07-03 10:26:03,898 Parse file in TXT mode
2020-07-03 10:26:03,899 Found 5 MAC addresses in macListDemo.txt
2020-07-03 10:26:03,899 AC:23:3F:66:47:7D=591522
2020-07-03 10:26:03,899 attempt_connection(AC:23:3F:66:47:7D)
2020-07-03 10:26:03,929 after_output:

2020-07-03 10:26:03,930 Agent registered
2020-07-03 10:26:03,930 [0;94m[bluetooth][0m# 
2020-07-03 10:26:34,498 before_output:

2020-07-03 10:26:34,499 paired-devices
2020-07-03 10:26:34,499 [0;94m[bluetooth][0m# 
2020-07-03 10:26:35,001 line:paired-devices
2020-07-03 10:26:35,002 line:[0;94m[bluetooth][0m# 
2020-07-03 10:26:35,003 INFO:No devices found
2020-07-03 10:26:35,055 after_output:

2020-07-03 10:26:35,057 p
2020-07-03 10:26:35,559 manage_hci(reset)
2020-07-03 10:26:36,686 manage_hci(setup)
2020-07-03 10:26:38,016 scan_ble()
2020-07-03 10:26:43,201 {'addr': 'AC:23:3F:66:42:5A', 'name': '(unknown)'}
2020-07-03 10:26:43,202 {'addr': 'AC:23:3F:66:45:5A', 'name': '(unknown)'}
2020-07-03 10:26:43,203 {'addr': 'AC:23:3F:66:42:4E', 'name': '(unknown)'}
2020-07-03 10:26:43,203 {'addr': 'AC:23:3F:66:41:30', 'name': '(unknown)'}
2020-07-03 10:26:43,204 {'addr': 'AC:23:3F:66:43:33', 'name': 'KLK'}
2020-07-03 10:26:43,205 {'addr': 'AC:23:3F:66:44:F9', 'name': 'KLK'}
2020-07-03 10:26:43,205 {'addr': 'AC:23:3F:66:44:FC', 'name': '(unknown)'}
2020-07-03 10:26:43,206 {'addr': 'AC:23:3F:66:43:31', 'name': 'KLK'}
2020-07-03 10:26:43,207 {'addr': 'AC:23:3F:66:43:37', 'name': '(unknown)'}
2020-07-03 10:26:43,208 {'addr': '75:E3:7F:12:65:D1', 'name': '(unknown)'}
2020-07-03 10:26:43,209 {'addr': 'AC:23:3F:66:43:2D', 'name': '(unknown)'}
2020-07-03 10:26:43,209 {'addr': '6A:C7:A2:D8:D9:77', 'name': '(unknown)'}
2020-07-03 10:26:43,210 {'addr': 'AC:23:3F:66:43:2F', 'name': '(unknown)'}
2020-07-03 10:26:43,211 {'addr': 'AC:23:3F:66:42:58', 'name': '(unknown)'}
2020-07-03 10:26:43,211 {'addr': 'AC:23:3F:66:43:3A', 'name': 'KLK'}
2020-07-03 10:26:43,212 {'addr': '10:94:BB:D3:64:D3', 'name': '(unknown)'}
2020-07-03 10:26:43,213 {'addr': 'AC:23:3F:66:46:FC', 'name': 'KLK'}
2020-07-03 10:26:43,213 {'addr': 'AC:23:3F:66:43:35', 'name': '(unknown)'}
2020-07-03 10:26:43,214 {'addr': 'AC:23:3F:66:45:07', 'name': 'KLK'}
2020-07-03 10:26:43,215 {'addr': 'AC:23:3F:66:42:4E', 'name': 'KLK'}
2020-07-03 10:26:43,216 {'addr': 'AC:23:3F:66:41:35', 'name': 'KLK'}
2020-07-03 10:26:43,216 {'addr': '1C:DB:D2:F9:35:D8', 'name': '(unknown)'}
2020-07-03 10:26:43,217 {'addr': 'AC:23:3F:66:41:2B', 'name': 'KLK'}
2020-07-03 10:26:43,218 {'addr': 'AC:23:3F:66:45:00', 'name': '(unknown)'}
2020-07-03 10:26:43,218 {'addr': 'AC:23:3F:66:43:3B', 'name': '(unknown)'}
2020-07-03 10:26:43,219 {'addr': 'AC:23:3F:66:45:00', 'name': 'KLK'}
2020-07-03 10:26:43,220 {'addr': 'AC:23:3F:66:45:01', 'name': 'KLK'}
2020-07-03 10:26:43,221 {'addr': 'AC:23:3F:66:43:33', 'name': '(unknown)'}
2020-07-03 10:26:43,222 {'addr': 'AC:23:3F:66:43:3D', 'name': '(unknown)'}
2020-07-03 10:26:43,222 {'addr': 'AC:23:3F:66:45:06', 'name': 'KLK'}
2020-07-03 10:26:43,223 {'addr': 'AC:23:3F:66:43:2A', 'name': 'KLK'}
2020-07-03 10:26:43,224 {'addr': 'AC:23:3F:66:43:2D', 'name': 'KLK'}
2020-07-03 10:26:43,225 {'addr': 'AC:23:3F:66:43:34', 'name': '(unknown)'}
2020-07-03 10:26:43,226 {'addr': 'AC:23:3F:66:43:30', 'name': 'KLK'}
2020-07-03 10:26:43,227 {'addr': 'AC:23:3F:66:42:5A', 'name': 'KLK'}
2020-07-03 10:26:43,228 {'addr': 'AC:23:3F:66:41:31', 'name': '(unknown)'}
2020-07-03 10:26:43,228 {'addr': 'AC:23:3F:66:43:39', 'name': 'KLK'}
2020-07-03 10:26:43,229 {'addr': 'AC:23:3F:66:42:58', 'name': 'KLK'}
2020-07-03 10:26:43,230 {'addr': 'AC:23:3F:66:43:3A', 'name': '(unknown)'}
2020-07-03 10:26:43,231 {'addr': 'AC:23:3F:66:44:FC', 'name': 'KLK'}
2020-07-03 10:26:43,232 {'addr': 'AC:23:3F:66:46:FC', 'name': '(unknown)'}
2020-07-03 10:26:43,232 {'addr': 'C7:33:AF:92:FE:01', 'name': '(unknown)'}
2020-07-03 10:26:43,233 {'addr': 'AC:23:3F:66:43:3B', 'name': 'KLK'}
2020-07-03 10:26:43,234 {'addr': 'AC:23:3F:66:43:35', 'name': 'KLK'}
2020-07-03 10:26:43,235 {'addr': 'AC:23:3F:66:45:01', 'name': '(unknown)'}
2020-07-03 10:26:43,235 {'addr': 'AC:23:3F:66:41:2B', 'name': '(unknown)'}
2020-07-03 10:26:43,236 {'addr': 'AC:23:3F:66:43:39', 'name': '(unknown)'}
2020-07-03 10:26:43,237 {'addr': 'AC:23:3F:66:45:07', 'name': '(unknown)'}
2020-07-03 10:26:43,237 {'addr': 'AC:23:3F:66:42:4F', 'name': 'KLK'}
2020-07-03 10:26:43,238 {'addr': 'AC:23:3F:66:43:2F', 'name': 'KLK'}
2020-07-03 10:26:43,239 {'addr': 'AC:23:3F:66:44:F9', 'name': '(unknown)'}
2020-07-03 10:26:43,239 {'addr': 'AC:23:3F:66:42:4F', 'name': '(unknown)'}
2020-07-03 10:26:43,240 {'addr': 'AC:23:3F:66:43:30', 'name': '(unknown)'}
2020-07-03 10:26:43,241 {'addr': '49:4B:93:A4:31:B9', 'name': '(unknown)'}
2020-07-03 10:26:43,242 {'addr': '28:11:A5:51:84:96', 'name': '(unknown)'}
2020-07-03 10:26:43,242 {'addr': 'AC:23:3F:66:43:2A', 'name': '(unknown)'}
2020-07-03 10:26:43,243 {'addr': 'AC:23:3F:66:41:30', 'name': 'KLK'}
2020-07-03 10:26:43,244 {'addr': 'AC:23:3F:66:45:5A', 'name': 'KLK'}
2020-07-03 10:26:43,244 {'addr': '21:81:C0:F3:04:08', 'name': '(unknown)'}
2020-07-03 10:26:43,245 {'addr': 'AC:23:3F:66:41:31', 'name': 'KLK'}
2020-07-03 10:26:43,246 {'addr': 'AC:23:3F:66:41:35', 'name': '(unknown)'}
2020-07-03 10:26:43,246 {'addr': 'AC:23:3F:66:43:37', 'name': 'KLK'}
2020-07-03 10:26:43,247 {'addr': 'AC:23:3F:66:43:3D', 'name': 'KLK'}
2020-07-03 10:26:43,248 {'addr': 'AC:23:3F:66:45:06', 'name': '(unknown)'}
2020-07-03 10:26:43,249 {'addr': '4E:DF:D3:44:8A:D8', 'name': '(unknown)'}
2020-07-03 10:26:43,250 {'addr': 'AC:23:3F:66:43:34', 'name': 'KLK'}
2020-07-03 10:26:43,251 connect_ble() tries:1
2020-07-03 10:26:44,377 before_output:

2020-07-03 10:26:44,378 Could not create connection: Connection timed out
2020-07-03 10:26:44,379 
2020-07-03 10:26:44,880 ERROR:Connection timed out
2020-07-03 10:26:45,883 connect_ble() tries:2
2020-07-03 10:26:46,029 before_output:

2020-07-03 10:26:46,030 Could not create connection: Input/output error
2020-07-03 10:26:46,030 
2020-07-03 10:26:46,531 ERROR:Input/output error
2020-07-03 10:26:46,532 manage_hci(reset)
2020-07-03 10:26:48,261 connect_ble() tries:3
2020-07-03 10:27:13,445 before_output:

2020-07-03 10:27:13,446 Could not create connection: Connection timed out
2020-07-03 10:27:13,447 
2020-07-03 10:27:13,948 ERROR:Connection timed out
2020-07-03 10:27:14,951 connect_ble() tries:4
2020-07-03 10:27:15,088 before_output:

2020-07-03 10:27:15,089 Could not create connection: Input/output error
2020-07-03 10:27:15,089 
2020-07-03 10:27:15,590 ERROR:Input/output error
2020-07-03 10:27:15,591 manage_hci(reset)
2020-07-03 10:27:17,319 connect_ble() tries:5
2020-07-03 10:27:25,346 after_output:

2020-07-03 10:27:25,348 Connection handle 64
2020-07-03 10:27:25,353 
2020-07-03 10:27:26,456 SUCCESS Connected
2020-07-03 10:27:26,457 open_bluetoothctl()
2020-07-03 10:27:26,517 after_output:

2020-07-03 10:27:26,519 Agent registered
2020-07-03 10:27:26,520 [0;94m[bluetooth][0m# 
2020-07-03 10:27:27,022 ERROR:[bluetooth]
2020-07-03 10:27:27,022 attempt_connection(AC:23:3F:66:47:7D)
2020-07-03 10:27:27,052 after_output:

2020-07-03 10:27:27,052 Agent registered
2020-07-03 10:27:27,053 [0;94m[bluetooth][0m# 
2020-07-03 10:27:57,635 before_output:

2020-07-03 10:27:57,636 paired-devices
2020-07-03 10:27:57,637 [0;94m[bluetooth][0m# 
2020-07-03 10:27:58,139 line:paired-devices
2020-07-03 10:27:58,140 line:[0;94m[bluetooth][0m# 
2020-07-03 10:27:58,141 INFO:No devices found
2020-07-03 10:27:58,192 after_output:

2020-07-03 10:27:58,193 p
2020-07-03 10:27:58,695 manage_hci(reset)
2020-07-03 10:27:59,838 manage_hci(setup)
2020-07-03 10:28:01,168 scan_ble()
2020-07-03 10:28:06,338 {'addr': 'AC:23:3F:66:45:5A', 'name': '(unknown)'}
2020-07-03 10:28:06,339 {'addr': 'AC:23:3F:66:41:30', 'name': '(unknown)'}
2020-07-03 10:28:06,340 {'addr': 'AC:23:3F:66:44:F8', 'name': 'KLK'}
2020-07-03 10:28:06,341 {'addr': 'AC:23:3F:66:43:33', 'name': 'KLK'}
2020-07-03 10:28:06,341 {'addr': 'AC:23:3F:66:44:FA', 'name': '(unknown)'}
2020-07-03 10:28:06,342 {'addr': 'AC:23:3F:66:43:2F', 'name': '(unknown)'}
2020-07-03 10:28:06,342 {'addr': 'AC:23:3F:66:41:2E', 'name': 'KLK'}
2020-07-03 10:28:06,343 {'addr': 'AC:23:3F:66:41:2A', 'name': '(unknown)'}
2020-07-03 10:28:06,344 {'addr': 'AC:23:3F:66:45:05', 'name': 'KLK'}
2020-07-03 10:28:06,344 {'addr': '10:94:BB:D3:64:D3', 'name': '(unknown)'}
2020-07-03 10:28:06,345 {'addr': 'AC:23:3F:66:46:FC', 'name': 'KLK'}
2020-07-03 10:28:06,345 {'addr': 'AC:23:3F:66:41:35', 'name': 'KLK'}
2020-07-03 10:28:06,346 {'addr': 'AC:23:3F:66:44:FA', 'name': 'KLK'}
2020-07-03 10:28:06,347 {'addr': 'AC:23:3F:66:42:0E', 'name': 'KLK'}
2020-07-03 10:28:06,347 {'addr': 'AC:23:3F:66:42:0E', 'name': '(unknown)'}
2020-07-03 10:28:06,348 {'addr': 'AC:23:3F:66:44:F8', 'name': '(unknown)'}
2020-07-03 10:28:06,349 {'addr': 'AC:23:3F:66:45:5B', 'name': '(unknown)'}
2020-07-03 10:28:06,350 {'addr': 'AC:23:3F:66:44:F7', 'name': '(unknown)'}
2020-07-03 10:28:06,351 {'addr': 'AC:23:3F:66:45:01', 'name': 'KLK'}
2020-07-03 10:28:06,351 {'addr': 'AC:23:3F:66:43:33', 'name': '(unknown)'}
2020-07-03 10:28:06,352 {'addr': 'AC:23:3F:66:42:59', 'name': '(unknown)'}
2020-07-03 10:28:06,353 {'addr': 'AC:23:3F:66:42:50', 'name': 'KLK'}
2020-07-03 10:28:06,353 {'addr': 'AC:23:3F:66:45:06', 'name': 'KLK'}
2020-07-03 10:28:06,354 {'addr': '22:29:55:32:BF:B5', 'name': '(unknown)'}
2020-07-03 10:28:06,355 {'addr': 'AC:23:3F:66:43:2A', 'name': 'KLK'}
2020-07-03 10:28:06,356 {'addr': 'AC:23:3F:66:45:08', 'name': 'KLK'}
2020-07-03 10:28:06,357 {'addr': 'AC:23:3F:66:43:34', 'name': '(unknown)'}
2020-07-03 10:28:06,358 {'addr': 'AC:23:3F:66:41:31', 'name': '(unknown)'}
2020-07-03 10:28:06,358 {'addr': '4E:DF:D3:44:8A:D8', 'name': '(unknown)'}
2020-07-03 10:28:06,359 {'addr': '44:D2:7E:C1:65:EC', 'name': '(unknown)'}
2020-07-03 10:28:06,360 {'addr': 'AC:23:3F:66:42:50', 'name': '(unknown)'}
2020-07-03 10:28:06,360 {'addr': 'AC:23:3F:66:46:FC', 'name': '(unknown)'}
2020-07-03 10:28:06,361 {'addr': 'AC:23:3F:66:41:2A', 'name': 'KLK'}
2020-07-03 10:28:06,362 {'addr': 'C7:33:AF:92:FE:01', 'name': '(unknown)'}
2020-07-03 10:28:06,363 {'addr': 'AC:23:3F:66:45:01', 'name': '(unknown)'}
2020-07-03 10:28:06,364 {'addr': 'AC:23:3F:66:44:FD', 'name': 'KLK'}
2020-07-03 10:28:06,365 {'addr': 'AC:23:3F:66:45:5B', 'name': 'KLK'}
2020-07-03 10:28:06,365 {'addr': 'AC:23:3F:66:41:2D', 'name': 'KLK'}
2020-07-03 10:28:06,366 {'addr': 'AC:23:3F:66:43:2F', 'name': 'KLK'}
2020-07-03 10:28:06,367 {'addr': 'AC:23:3F:66:41:2E', 'name': '(unknown)'}
2020-07-03 10:28:06,367 {'addr': 'AC:23:3F:66:45:05', 'name': '(unknown)'}
2020-07-03 10:28:06,368 {'addr': 'AC:23:3F:66:42:59', 'name': 'KLK'}
2020-07-03 10:28:06,369 {'addr': 'AC:23:3F:66:43:30', 'name': '(unknown)'}
2020-07-03 10:28:06,370 {'addr': '49:4B:93:A4:31:B9', 'name': '(unknown)'}
2020-07-03 10:28:06,370 {'addr': 'AC:23:3F:66:44:F7', 'name': 'KLK'}
2020-07-03 10:28:06,371 {'addr': 'AC:23:3F:66:43:2A', 'name': '(unknown)'}
2020-07-03 10:28:06,372 {'addr': 'AC:23:3F:66:41:30', 'name': 'KLK'}
2020-07-03 10:28:06,372 {'addr': 'AC:23:3F:66:45:5A', 'name': 'KLK'}
2020-07-03 10:28:06,373 {'addr': 'AC:23:3F:66:45:08', 'name': '(unknown)'}
2020-07-03 10:28:06,374 {'addr': '21:81:C0:F3:04:08', 'name': '(unknown)'}
2020-07-03 10:28:06,374 {'addr': 'AC:23:3F:66:41:31', 'name': 'KLK'}
2020-07-03 10:28:06,376 {'addr': 'AC:23:3F:66:41:35', 'name': '(unknown)'}
2020-07-03 10:28:06,377 {'addr': 'AC:23:3F:66:43:30', 'name': 'KLK'}
2020-07-03 10:28:06,377 {'addr': 'AC:23:3F:66:45:06', 'name': '(unknown)'}
2020-07-03 10:28:06,378 {'addr': 'AC:23:3F:66:41:2D', 'name': '(unknown)'}
2020-07-03 10:28:06,379 {'addr': 'AC:23:3F:66:43:34', 'name': 'KLK'}
2020-07-03 10:28:06,380 connect_ble() tries:1
2020-07-03 10:28:06,913 before_output:

2020-07-03 10:28:06,913 Could not create connection: Connection timed out
2020-07-03 10:28:06,914 
2020-07-03 10:28:07,415 ERROR:Connection timed out
